    1  ping 8.8.8.8
    2  pimng ip-bdc3575
    3  ping ip-bdc3575
    4  ping ip-bdc3575
    5  bing 88888
    6  ifconfig
    7  ifconfig
    8  ping ip-bdc3575
    9  host 172.17.30.204
   10  git version 
   11  git init
   12  $ git status
   13  $ git status 
   14  git status
   15  docker-compose build
   16  docker ps
   17  docker-compose build
   18  docker-compose build
   19  docker-compose up -d
   20  docker-compose build
   21  docker-compose up -d
   22  vagrant up
   23  docker ps
   24  docker exec -it 7faf3ec980be /bin/bash
   25  status
   26  $ status
   27  status
   28  ls -al
   29  cd
   30  pwd
   31  cd cewp-559-fall-2017/
   32  vargrant up
   33  docker ps
   34  docker-compose.yml
   35  docker-compose.yml
   36  docker-compose build
   37  docker-compose.yaml build
   38  docker-compose.yml,docker-compose.yaml build
   39  docker-compose up -d
   40  git version
   41  git config --global user.name "Andrea"
   42  user name
   43  user.name
   44  pwd
   45  ls -al
   46  docker ps
   47  docker stop webserver
   48  docker star webserver
   49  docker start webserver
   50  docker ps
   51  docker ps -a
   52  docker rm -f webserver
   53  docker ps
   54  git confi --global user.name "Andrea Silva"
   55  git config --global user.name "Andrea Silva"
   56  git config --global user.email "andreassilvas@hotmail.com"
   57  git credential-osxkeychain
   58  cd ~/.ssh
   59  ssh-key -t rsa -c "andreassilvas@hotmail.com"
   60  ssh-keygen -t rsa -c "andreassilvas@hotmail.com"
   61  pbcopy < ~/.ssh/id_rsa.pub
   62  pbcopy < ~/.ssh/id_rsa.pub
   63  cd ~/.ssh
   64  cd ~/.ssh
   65  cd
   66  cd~/.ssh
   67  ssh-keygen -t rsa -c "andreassilvas@hotmail.com"
   68  pbcipy < ~/.ssh/id_rsa.pub
   69  cd ~/.ssh
   70  mkdir key_backup
   71  docker ps
   72  docker --version
   73  docker -compose
   74  docker --help
   75  ssh-keygen -t rsa -b 4096 -c"andreassilvsas@hotmail.com"
   76  ssh-keygen -t rsa -b 4096 -C "andreassilvas@hotmail.com"
   77  ls
   78  cd desktop
   79  ls
   80  cd CEWP-559-fall-2017-master
   81  ls
   82  cd ~\.ssh
   83  ~
   84  cd ~
   85  ls
   86  cd public
   87  ls
   88  cd ~
   89  cd desktop
   90  cd cewp
   91  ls
   92  cd cewp-559-fall-2017
   93  CEWP-559-fall-2017
   94  CEWP-559-fall-2017-master
   95  ls
   96  cd
   97  git
   98  ls
   99  pwd
  100  cd Desktop/
  101  ls
  102  ls ~/.ssh/
  103  cat ~/.ssh/id_rsa.pub | pbcopy 
  104  pwd
  105  git clone git@github.com:majidfn/CEWP-559-fall-2017.git
  106  cd CEWP-559-fall-2017
  107  docker-compose build
  108  docker-compose up
  109  docker -compose build
  110  docker -compose build
  111  docker -compose build
  112  docker-compose build
  113  docker-compose up
  114  ls -a
  115  ls -al
  116  mkdir history
  117  history > history/20170928.log
